
----------------------------------------------------------------------------------------------------------------------------
REPORTE DE PRODUCCION
Updated:	08 09 2021
Version:	6.3
Autor:		DGonzalez
Marcegaglia Colombia
----------------------------------------------------------------------------------------------------------------------------
Add:		Adicion de algo nuevo a los archivos o codigo 
Change:		Cambio de algun elemento de los archivos o codigo
Fix: 		Correcion de errores reportados por usuarios o en pruebas 
Upgrade:	Actualizacion de algun complemento, plugin, o elemento necesario para le funcionamiento

Fix:		INFORMES_XXX	se corrige actualizacion de la informacion ya que algunos archivos fueron modificados y la ruta
							no era la ip sino una unidad fija E
Fix:		INFORMES_XXX	se añaden campos de tipo de paro, se corrigen columnas y se actualizan los datos reg y control.
Change:		REPORTE_COND	Se añaden casillas en resoldar.
Change		REPORTE_EVA		Se añaden casillas

							

NAME							Version		Update
---------------------------------------------------
CHANGELOG.LOG					6.3			08 09 2021
LICENSE							1			18 08 2021
README.md						4			22 08 2021
CONTROL_C.xls					2			22 08 2021
CONTROL_E.xls					2			22 08 2021
CONTROL_M.xls					2			22 08 2021
INFORME_CONDENSADORES_2013.xls	2.3			08 09 2021
INFORME_EVAPORADORES_2013.xls	2.3			08 09 2021
INFORME_MARCOS:_2013.xls		2.3			08 09 2021
INFORME_CONDENSADORES_2016.xls	2.3			08 09 2021
INFORME_EVAPORADORES_2016.xls	2.3			08 09 2021
INFORME_MARCOS_2016.xls			2.3			08 09 2021
INFORME_CONDENSADORES_2019.xls	2.3			08 09 2021
INFORME_EVAPORADORES_2019.xls	2.3			08 09 2021
INFORME_MARCOS_2019.xls			2.3			08 09 2021
REG_COND.xls					1			22 08 2021
REG_EVA.xls						1			22 08 2021
REG_MARCOS.xls					1			22 08 2021
REPORTE_COND.xlsm				6.3			23 08 2021
REPORTE_EVA.xlsm				3.3			23 08 2021
REPORTE_MARCOS.xlsm				2.2			23 08 2021




----------------------------------------------------------------------------------------------------------------------------
REPORTE DE PRODUCCION
Updated:	23 08 2021
Version:	6.2
Autor:		DGonzalez
Marcegaglia Colombia
----------------------------------------------------------------------------------------------------------------------------
Add:		Adicion de algo nuevo a los archivos o codigo 
Change:		Cambio de algun elemento de los archivos o codigo
Fix: 		Correcion de errores reportados por usuarios o en pruebas 
Upgrade:	Actualizacion de algun complemento, plugin, o elemento necesario para le funcionamiento

Fix:		INFORMES_XXX	se corrige visualizacion de informacion, los datos tipo texto en referencia no eran importados
Fix:		REPORTE_XXX		se corrige copia de informacion para que asigne el formato de fecha en los datos y el formato
							texto a la referencia.
							

NAME						Version		Update
---------------------------------------------------
CHANGELOG.LOG				6.2			22 08 2021
LICENSE						1			18 08 2021
README.md					4			22 08 2021
CONTROL_C.xls				2			22 08 2021
CONTROL_E.xls				2			22 08 2021
CONTROL_M.xls				2			22 08 2021
INFORME_CONDENSADORES.xls	2.2			23 08 2021
INFORME_EVAPORADORES.xls	2.2			23 08 2021
INFORME_MARCOS.xls			2.2			23 08 2021
REG_COND.xls				1			22 08 2021
REG_EVA.xls					1			22 08 2021
REG_MARCOS.xls				1			22 08 2021
REPORTE_COND.xlsm			6.2			23 08 2021
REPORTE_EVA.xlsm			3.2			23 08 2021
REPORTE_MARCOS.xlsm			2.2			23 08 2021


----------------------------------------------------------------------------------------------------------------------------
REPORTE DE PRODUCCION
Updated:	23 08 2021
Version:	6.1
Autor:		DGonzalez
Marcegaglia Colombia
----------------------------------------------------------------------------------------------------------------------------
Add:		Adicion de algo nuevo a los archivos o codigo 
Change:		Cambio de algun elemento de los archivos o codigo
Fix: 		Correcion de errores reportados por usuarios o en pruebas 
Upgrade:	Actualizacion de algun complemento, plugin, o elemento necesario para le funcionamiento

Fix:		INFORMES_XXX	Se reporta problema para actualizar la informacion por temas de version de office, se modifican
							los archivos y se deja compatible con office2013 y otro archivo para office 2016 o superior 
Fix:		REPORTE_XXX		Se corrigen problemas con codigo visual basic que detenian el proceso en ciertas ocasiones



NAME						Version		Update
---------------------------------------------------
CHANGELOG.LOG				6.1			22 08 2021
LICENSE						1			18 08 2021
README.md					4			22 08 2021
CONTROL_C.xls				2			22 08 2021
CONTROL_E.xls				2			22 08 2021
CONTROL_M.xls				2			22 08 2021
INFORME_CONDENSADORES.xls	2.1			23 08 2021
INFORME_EVAPORADORES.xls	2.1			23 08 2021
INFORME_MARCOS.xls			2.1			23 08 2021
REG_COND.xls				1			22 08 2021
REG_EVA.xls					1			22 08 2021
REG_MARCOS.xls				1			22 08 2021
REPORTE_COND.xlsm			6.1			23 08 2021
REPORTE_EVA.xlsm			3.1			23 08 2021
REPORTE_MARCOS.xlsm			2.1			23 08 2021


----------------------------------------------------------------------------------------------------------------------------
REPORTE DE PRODUCCION
Updated:	22 08 2021
Version:	6
Autor:		DGonzalez
Marcegaglia Colombia
----------------------------------------------------------------------------------------------------------------------------
Add:		Adicion de algo nuevo a los archivos o codigo 
Change:		Cambio de algun elemento de los archivos o codigo
Fix: 		Correcion de errores reportados por usuarios o en pruebas 
Upgrade:	Actualizacion de algun complemento, plugin, o elemento necesario para le funcionamiento

*	Change	path			Depuracion completa de archivos inservibles.
*	Change	path			Organización de carpetas generando nueva estructura.
*	Change	path			Se elimianan las carpetas y ahora quedan asi:
							>Production_Report
							>>DOC
							>>>BACKUP
							>>>RESOURCES
							>PRODUCCION
*	Change	path			Carpeta Produccion almacena los archivos de trabajo
*	Change	path			Secambia estructura de archivos asi:
							-	Control son archivos de almacenamiento de la información como backup en caso que el 
								archivo reg falle.
							-	Informe son los archivos de informe generales por sección
							-	Reg, son archivos de registro para el manejo de información desde los informes.
							-	Reporte, es el archivo que deben abrir para introducir la información
*	Change	path			Carpeta DOC contiene backup y resources, backup es donde se llevara el control de versiones 
							anteriores, alacenadas por fechas, y resources los elementos o recursos como imágenes etc.
*	Add		DATOS BAJA.xls		Se crea el archivo datos de baja para control de empleados retirados y código.
*	Change	Control_C		Se actualiza a la fecha con la información completa para eliminar asi los respaldos pendientes.
*	Change	Control_M		Se actualiza a la fecha con la información completa para eliminar asi los respaldos pendientes.
*	Change	Control_E		Se actualiza a la fecha con la información completa para eliminar asi los respaldos pendientes.
*	Change	INFORMES_XXX	Se realiza modificación de informes ya que la cadena de conexión ha cambiado ya no es por 
							conexión a sql server sino archivo de Excel
*	Add		INFORMES_XXX	Se genera informe producción por proceso y se adiciona línea de tiempo, segmentación de datos 
							por referencia y maquina y grafico dinamico para su visualización
*	Add		INFORMES_XXX	Se repite información en informe producción por operario y se cambia la segmentación de datos 
							por maquina
*	Add		INFORMES_XXX	Reporte de paro por maquina se copia de producción por proceso y se retiran datos de operario y 
							producción solo se dejan tiempos y maquina.
*	Add		INFORMES_XXX	Se maneja el mismo archivo para los demás reportes modificando la cadena de conexión por cada 
							sección es decir, informe de condensadores se conecta a reg condensa
*	Change	REPORTE_C		Se modifica reporte condensadores para que realice la inserción de información en los dos 
							archivos, control y registro.
*	Add		Path			Se deja lista de documentos con numero de versión actual para que sean retirados del nombre.

NAME						Version		Update
---------------------------------------------------
CHANGELOG.LOG				6			22 08 2021
LICENSE						1			18 08 2021
README.md					4			22 08 2021
CONTROL_C.xls				2			22 08 2021
CONTROL_E.xls				2			22 08 2021
CONTROL_M.xls				2			22 08 2021
INFORME_CONDENSADORES.xls	2			22 08 2021
INFORME_EVAPORADORES.xls	2			22 08 2021
INFORME_MARCOS.xls			2			22 08 2021
REG_COND.xls				1			22 08 2021
REG_EVA.xls					1			22 08 2021
REG_MARCOS.xls				1			22 08 2021
REPORTE_COND.xlsm			6			22 08 2021
REPORTE_EVA.xlsm			3			22 08 2021
REPORTE_MARCOS.xlsm			2			22 08 2021

----------------------------------------------------------------------------------------------------------------------------
REPORTE DE PRODUCCION
Updated:	30 07 2021
Version:	5
Autor:		DGonzalez
Marcegaglia Colombia
----------------------------------------------------------------------------------------------------------------------------
Add:		Adicion de algo nuevo a los archivos o codigo 
Change:		Cambio de algun elemento de los archivos o codigo
Fix: 		Correcion de errores reportados por usuarios o en pruebas 
Upgrade:	Actualizacion de algun complemento, plugin, o elemento necesario para le funcionamiento

*	Add		dbo.Condenasadores		se crea tabla Marcos
*	Add		dbo.Evaporadores	  	se crea tabla Evaporadores
*	Add		dbo.Marcos			    se crea tabla Marcos
*	Change	import				    se crea job automatico para carga de archivos en las bases de datos, con esto es posible
									que se cargue de manera automatica




----------------------------------------------------------------------------------------------------------------------------
REPORTE DE PRODUCCION
Updated:	20 07 2021
Version:	4
Autor:		DGonzalez
Marcegaglia Colombia
----------------------------------------------------------------------------------------------------------------------------
Add:		Adicion de algo nuevo a los archivos o codigo 
Change:		Cambio de algun elemento de los archivos o codigo
Fix: 		Correcion de errores reportados por usuarios o en pruebas 
Upgrade:	Actualizacion de algun complemento, plugin, o elemento necesario para le funcionamiento

*	Change	Test.odc	cambia de motor de base de datos de access a sql server express
*	Add		Production	se añade base de datos Production




----------------------------------------------------------------------------------------------------------------------------
REPORTE DE PRODUCCION
Updated:	06 07 2021
Version:	3.6
Autor:		DGonzalez
Marcegaglia Colombia
----------------------------------------------------------------------------------------------------------------------------
Add:		Adicion de algo nuevo a los archivos o codigo 
Change:		Cambio de algun elemento de los archivos o codigo
Fix: 		Correcion de errores reportados por usuarios o en pruebas 
Upgrade:	Actualizacion de algun complemento, plugin, o elemento necesario para le funcionamiento

*	Fix		Condensadores	el archivo presenta problemas con formatos, se corrigen y bloquean celdas faltantes
*	change	condensadores	se añaden filas adicionales en ciertos procesos solicitados por RPalacios.
*	change	condensadores	para la fecha 
*	Add		Marcos.x		se crea archivo para marcos
*	Add		test.odc		se crea archivo .odc es un tipo de archivo de conexiones de excel
*	Add		README.md		se añade el archivo README donde se hacen las indicaciones de instalacion y requerimientos.

----------------------------------------------------------------------------------------------------------------------------
REPORTE DE PRODUCCION
Updated:	06 07 2021
Version:	3.5
Autor:		DGonzalez
Marcegaglia Colombia
------------------------------
Add:		Adicion de algo nuevo a los archivos o codigo 
Change:		Cambio de algun elemento de los archivos o codigo
Fix: 		Correcion de errores reportados por usuarios o en pruebas 
Upgrade:	Actualizacion de algun complemento, plugin, o elemento necesario para le funcionamiento

*	change	changelog		el formato del change log se modifica. ahora se pondra el tipo de actualizacion, el archivo y la
							modificacion.
*	Fix		BD.x			se ajusta el formato y se dejan visibles las hojas para poder navegar
*	Fix		condensadores	boton limpiar no estaba eliminando toda la informacion
*	Add		BD.a			se crea archivo de base de datos para almacenar la informacion sin problema y generar reportes
*	Add		BD.a			las macro importar genera la importacion de excel a access. la macro de ejecucion de inicio 
							ejecuta macro importar y cierra el archivo 
*	Add		Evaporadores	se crea archivo evaporadores con la informacion para el proceso.
*	Add		Actualizar.bat	se crea archivo .bat que abre la base de datos para ejecutar las macros automaticamente.


----------------------------------------------------------------------------------------------------------------------------
REPORTE DE PRODUCCION
Updated:	03 07 2021
Version:	3.4.1
Autor:		DGonzalez
Marcegaglia Colombia
----------------------------------------------------------------------------------------------------------------------------
Add:		Adicion de algo nuevo a los archivos o codigo 
Change:		Cambio de algun elemento de los archivos o codigo
Fix: 		Correcion de errores reportados por usuarios o en pruebas 
Upgrade:	Actualizacion de algun complemento, plugin, o elemento necesario para le funcionamiento


*	Add		Presurizado se coloca como nuevo proceso de 4 filas
*	change	el formato de las referencias se coloca en general para facilitar el registro
*	Add		referencias pendientes
*	Add		Operarios pendientes
*	change	Las lineas de las columnas se cambian de color para que sean mas visibles
*	change	El Orden de Scrap, y retrabajo se invierten

----------------------------------------------------------------------------------------------------------------------------
REPORTE DE PRODUCCION
Updated:	02 07 2021
Version:	3.4
Autor:		DGonzalez
Marcegaglia Colombia
----------------------------------------------------------------------------------------------------------------------------
Add:		Adicion de algo nuevo a los archivos o codigo 
Change:		Cambio de algun elemento de los archivos o codigo
Fix: 		Correcion de errores reportados por usuarios o en pruebas 
Upgrade:	Actualizacion de algun complemento, plugin, o elemento necesario para le funcionamiento


*	Add		se añade nuevo formato para el changelog
*	Add		se crea archivo readme para manual de instalacion y funcionamiento


----------------------------------------------------------------------------------------------------------------------------
REPORTE DE PRODUCCION
Updated:	01 07 2021
Version:	3.2
Autor:		DGonzalez
Marcegaglia Colombia
----------------------------------------------------------------------------------------------------------------------------

*	change	reducir doblado serpentin por dob. serpentin.
*	change	se cambia nombre de doblado de orejas a Doblado Orejas 1 y Doblado orejas 2. 
*	change	se amplia el campo observacion para que se vea mejor.
*	change	se añade si.error para que arroje operario sin datos en vez de error.
*	change	Pintura pasa a ser de 7 casillas para el cambio de referencia, se acuerda solo poner el pintor.
*	change	los tipos de paro se simplifican en 4 y lo demas se añade en observaciones.
*	Add		se añade columna codigo operario y se deja el nombre bloqueado.
*	Add		Bloque de las celdas dejando solo las celdas permitidas.
*	Add		se añaden columnas tipo paro y descripcion paro.
*	Add		se añade filtro por nombre en hoja DATOS.
*	Add		se añaden 10 filas para pruebas de fugas.
*	Add		se añaden casillas adicionales para dobladora 2 y 3.
*	Add		se añaden 2 casillas en soldadura horizontal.
*	Add		para no perder los titulos de tabla se inmovilizan los paneles.
*	Fix		se corrige error de copia de informacion a BD. la informacion estaba por celdas activas, si habia una fila o una
			columna en blanco detenia la copia dejando la informacion siguiente sin reportar.


----------------------------------------------------------------------------------------------------------------------------
REPORTE DE PRODUCCION
Updated:	30 06 2021
Version:	3
Autor:		DGonzalez
Marcegaglia Colombia
----------------------------------------------------------------------------------------------------------------------------

*	change	La informacion de operario ahora sera digita en cod_op.
*	change	La informacion tipo paro se digita ahora en una celda diferente.
*	Add		Se añade columna codigo operario y se deja el nombre bloqueado.
*	Add		Se bloquean las celdas dejando solo las celdas permitidas.
*	Add		Se añaden columnas tipo paro y descripcion paro..
*	Fix		Limpiar eliminaba solo la mitad de la tabla se corrige el error.

----------------------------------------------------------------------------------------------------------------------------
REPORTE DE PRODUCCION
Updated:	05 05 2021
Version:	2
Autor:		DGonzalez
Marcegaglia Colombia
----------------------------------------------------------------------------------------------------------------------------

*	change	se modifica macro, ahora pasa los datos de registro a archivo bd
*	Add		se adicionan columnas observacion y procesos pendientes
*	Add		Se configura boton Limpiar para eliminar informacion

----------------------------------------------------------------------------------------------------------------------------
REPORTE DE PRODUCCION
Updated:	12 03 2021
Version:	1
Autor:		DGonzalez
Marcegaglia Colombia
----------------------------------------------------------------------------------------------------------------------------

*Add:
*	Add		se crea archivo Condensadores con proceso corte de tuberia 
*	Add		se añaden maquinas vitaria scarioni
*	Add		se deja la fecha fija con formula ahora()
*	Add		se crea lista desplegable para supervisor y turno
*	Add		seccion condensadores queda fijo
*	Add		se adicionan columnas referencia, produccion turno scrap retrabajo y tiempo de paro
*	Add		macro copia los datos de hoja control a hoja registro
